[2m2024-12-06T09:36:59.972396Z[0m [31mERROR[0m [2mglazewm::common::commands::shell_exec[0m[2m:[0m [3merr_message[0m[2m=[0m"Failed to execute '%userprofile%/.glzr/zebar/start.bat'.\n\nError: Program path is not valid for command '%userprofile%/.glzr/zebar/start.bat'."
[2m2024-12-06T10:12:14.173459Z[0m [31mERROR[0m [2mglazewm::common::commands::shell_exec[0m[2m:[0m [3merr_message[0m[2m=[0m"Failed to execute '%userprofile%/.glzr/zebar/start.bat'.\n\nError: Program path is not valid for command '%userprofile%/.glzr/zebar/start.bat'."
[2m2024-12-06T10:23:34.409375Z[0m [31mERROR[0m [2mglazewm::common::commands::shell_exec[0m[2m:[0m [3merr_message[0m[2m=[0m"Failed to execute '%userprofile%/.glzr/zebar/start.bat'.\n\nError: Program path is not valid for command '%userprofile%/.glzr/zebar/start.bat'."
[2m2024-12-07T04:04:17.946938Z[0m [31mERROR[0m [2mglazewm::common::commands::shell_exec[0m[2m:[0m [3merr_message[0m[2m=[0m"Failed to execute '%userprofile%/.glzr/zebar/start.bat'.\n\nError: Program path is not valid for command '%userprofile%/.glzr/zebar/start.bat'."
[2m2024-12-07T09:25:50.732079Z[0m [31mERROR[0m [2mglazewm::common::commands::shell_exec[0m[2m:[0m [3merr_message[0m[2m=[0m"Failed to execute '%userprofile%/.glzr/zebar/start.bat'.\n\nError: Program path is not valid for command '%userprofile%/.glzr/zebar/start.bat'."
[2m2024-12-08T02:20:42.313689Z[0m [31mERROR[0m [2mglazewm::common::commands::shell_exec[0m[2m:[0m [3merr_message[0m[2m=[0m"Failed to execute '%userprofile%/.glzr/zebar/start.bat'.\n\nError: Program path is not valid for command '%userprofile%/.glzr/zebar/start.bat'."
[2m2024-12-09T03:14:29.876916Z[0m [31mERROR[0m [2mglazewm::common::commands::shell_exec[0m[2m:[0m [3merr_message[0m[2m=[0m"Failed to execute '%userprofile%/.glzr/zebar/start.bat'.\n\nError: Program path is not valid for command '%userprofile%/.glzr/zebar/start.bat'."
[2m2024-12-10T05:49:53.398205Z[0m [31mERROR[0m [2mglazewm::common::commands::shell_exec[0m[2m:[0m [3merr_message[0m[2m=[0m"Failed to execute '%userprofile%/.glzr/zebar/start.bat'.\n\nError: Program path is not valid for command '%userprofile%/.glzr/zebar/start.bat'."
[2m2024-12-11T13:19:54.874491Z[0m [31mERROR[0m [2mglazewm::common::commands::shell_exec[0m[2m:[0m [3merr_message[0m[2m=[0m"Failed to execute '%userprofile%/.glzr/zebar/start.bat'.\n\nError: Program path is not valid for command '%userprofile%/.glzr/zebar/start.bat'."
[2m2024-12-12T03:56:45.009708Z[0m [31mERROR[0m [2mglazewm::common::commands::shell_exec[0m[2m:[0m [3merr_message[0m[2m=[0m"Failed to execute '%userprofile%/.glzr/zebar/start.bat'.\n\nError: Program path is not valid for command '%userprofile%/.glzr/zebar/start.bat'."
[2m2024-12-13T02:54:43.951959Z[0m [31mERROR[0m [2mglazewm::common::commands::shell_exec[0m[2m:[0m [3merr_message[0m[2m=[0m"Failed to execute '%userprofile%/.glzr/zebar/start.bat'.\n\nError: Program path is not valid for command '%userprofile%/.glzr/zebar/start.bat'."
[2m2024-12-14T04:04:22.879759Z[0m [31mERROR[0m [2mglazewm::common::commands::shell_exec[0m[2m:[0m [3merr_message[0m[2m=[0m"Failed to execute '%userprofile%/.glzr/zebar/start.bat'.\n\nError: Program path is not valid for command '%userprofile%/.glzr/zebar/start.bat'."
[2m2024-12-14T12:41:40.403569Z[0m [31mERROR[0m [2mglazewm::common::commands::shell_exec[0m[2m:[0m [3merr_message[0m[2m=[0m"Failed to execute '%userprofile%/.glzr/zebar/start.bat'.\n\nError: Program path is not valid for command '%userprofile%/.glzr/zebar/start.bat'."
[2m2024-12-15T03:59:56.459401Z[0m [31mERROR[0m [2mglazewm::common::commands::shell_exec[0m[2m:[0m [3merr_message[0m[2m=[0m"Failed to execute '%userprofile%/.glzr/zebar/start.bat'.\n\nError: Program path is not valid for command '%userprofile%/.glzr/zebar/start.bat'."
[2m2024-12-15T09:20:00.592933Z[0m [31mERROR[0m [2mglazewm::common::commands::shell_exec[0m[2m:[0m [3merr_message[0m[2m=[0m"Failed to execute '%userprofile%/.glzr/zebar/start.bat'.\n\nError: Program path is not valid for command '%userprofile%/.glzr/zebar/start.bat'."
[2m2024-12-16T03:38:20.153295Z[0m [31mERROR[0m [2mglazewm::common::commands::shell_exec[0m[2m:[0m [3merr_message[0m[2m=[0m"Failed to execute '%userprofile%/.glzr/zebar/start.bat'.\n\nError: Program path is not valid for command '%userprofile%/.glzr/zebar/start.bat'."
[2m2024-12-16T06:18:20.588427Z[0m [31mERROR[0m [2mglazewm::common::commands::shell_exec[0m[2m:[0m [3merr_message[0m[2m=[0m"Failed to execute '%userprofile%/.glzr/zebar/start.bat'.\n\nError: Program path is not valid for command '%userprofile%/.glzr/zebar/start.bat'."
[2m2024-12-17T03:58:55.366090Z[0m [31mERROR[0m [2mglazewm::common::commands::shell_exec[0m[2m:[0m [3merr_message[0m[2m=[0m"Failed to execute '%userprofile%/.glzr/zebar/start.bat'.\n\nError: Program path is not valid for command '%userprofile%/.glzr/zebar/start.bat'."
[2m2024-12-18T03:41:33.725260Z[0m [31mERROR[0m [2mglazewm::common::commands::shell_exec[0m[2m:[0m [3merr_message[0m[2m=[0m"Failed to execute '%userprofile%/.glzr/zebar/start.bat'.\n\nError: Program path is not valid for command '%userprofile%/.glzr/zebar/start.bat'."
[2m2024-12-19T04:22:43.531935Z[0m [31mERROR[0m [2mglazewm::common::commands::shell_exec[0m[2m:[0m [3merr_message[0m[2m=[0m"Failed to execute '%userprofile%/.glzr/zebar/start.bat'.\n\nError: Program path is not valid for command '%userprofile%/.glzr/zebar/start.bat'."
[2m2024-12-19T04:42:30.005873Z[0m [31mERROR[0m [2mglazewm::common::commands::shell_exec[0m[2m:[0m [3merr_message[0m[2m=[0m"Failed to execute '%userprofile%/.glzr/zebar/start.bat'.\n\nError: Program path is not valid for command '%userprofile%/.glzr/zebar/start.bat'."
[2m2024-12-20T05:31:41.077410Z[0m [31mERROR[0m [2mglazewm::common::commands::shell_exec[0m[2m:[0m [3merr_message[0m[2m=[0m"Failed to execute '%userprofile%/.glzr/zebar/start.bat'.\n\nError: Program path is not valid for command '%userprofile%/.glzr/zebar/start.bat'."
[2m2024-12-20T05:35:15.732758Z[0m [31mERROR[0m [2mglazewm::common::commands::shell_exec[0m[2m:[0m [3merr_message[0m[2m=[0m"Failed to execute '%userprofile%/.glzr/zebar/start.bat'.\n\nError: Program path is not valid for command '%userprofile%/.glzr/zebar/start.bat'."
[2m2024-12-20T09:24:34.489842Z[0m [31mERROR[0m [2mglazewm::common::commands::shell_exec[0m[2m:[0m [3merr_message[0m[2m=[0m"Failed to execute '%userprofile%/.glzr/zebar/start.bat'.\n\nError: Program path is not valid for command '%userprofile%/.glzr/zebar/start.bat'."
[2m2024-12-21T13:20:51.105465Z[0m [31mERROR[0m [2mglazewm::common::commands::shell_exec[0m[2m:[0m [3merr_message[0m[2m=[0m"Failed to execute '%userprofile%/.glzr/zebar/start.bat'.\n\nError: Program path is not valid for command '%userprofile%/.glzr/zebar/start.bat'."
[2m2024-12-22T05:40:34.166954Z[0m [31mERROR[0m [2mglazewm::common::commands::shell_exec[0m[2m:[0m [3merr_message[0m[2m=[0m"Failed to execute '%userprofile%/.glzr/zebar/start.bat'.\n\nError: Program path is not valid for command '%userprofile%/.glzr/zebar/start.bat'."
[2m2024-12-23T06:12:37.931849Z[0m [31mERROR[0m [2mglazewm::common::commands::shell_exec[0m[2m:[0m [3merr_message[0m[2m=[0m"Failed to execute '%userprofile%/.glzr/zebar/start.bat'.\n\nError: Program path is not valid for command '%userprofile%/.glzr/zebar/start.bat'."
[2m2024-12-23T11:03:03.555466Z[0m [31mERROR[0m [2mglazewm::common::commands::shell_exec[0m[2m:[0m [3merr_message[0m[2m=[0m"Failed to execute '%userprofile%/.glzr/zebar/start.bat'.\n\nError: Program path is not valid for command '%userprofile%/.glzr/zebar/start.bat'."
[2m2024-12-24T05:37:59.731274Z[0m [31mERROR[0m [2mglazewm::common::commands::shell_exec[0m[2m:[0m [3merr_message[0m[2m=[0m"Failed to execute '%userprofile%/.glzr/zebar/start.bat'.\n\nError: Program path is not valid for command '%userprofile%/.glzr/zebar/start.bat'."
[2m2024-12-25T04:43:00.749096Z[0m [31mERROR[0m [2mglazewm::common::commands::shell_exec[0m[2m:[0m [3merr_message[0m[2m=[0m"Failed to execute '%userprofile%/.glzr/zebar/start.bat'.\n\nError: Program path is not valid for command '%userprofile%/.glzr/zebar/start.bat'."
[2m2024-12-25T08:58:22.899137Z[0m [31mERROR[0m [2mglazewm::common::commands::shell_exec[0m[2m:[0m [3merr_message[0m[2m=[0m"Failed to execute '%userprofile%/.glzr/zebar/start.bat'.\n\nError: Program path is not valid for command '%userprofile%/.glzr/zebar/start.bat'."
[2m2024-12-26T10:25:53.618181Z[0m [31mERROR[0m [2mglazewm::common::commands::shell_exec[0m[2m:[0m [3merr_message[0m[2m=[0m"Failed to execute '%userprofile%/.glzr/zebar/start.bat'.\n\nError: Program path is not valid for command '%userprofile%/.glzr/zebar/start.bat'."
[2m2024-12-27T04:35:43.490030Z[0m [31mERROR[0m [2mglazewm::common::commands::shell_exec[0m[2m:[0m [3merr_message[0m[2m=[0m"Failed to execute '%userprofile%/.glzr/zebar/start.bat'.\n\nError: Program path is not valid for command '%userprofile%/.glzr/zebar/start.bat'."
[2m2024-12-28T04:58:11.449171Z[0m [31mERROR[0m [2mglazewm::common::commands::shell_exec[0m[2m:[0m [3merr_message[0m[2m=[0m"Failed to execute '%userprofile%/.glzr/zebar/start.bat'.\n\nError: Program path is not valid for command '%userprofile%/.glzr/zebar/start.bat'."
[2m2024-12-28T12:33:17.411246Z[0m [31mERROR[0m [2mglazewm[0m[2m:[0m keybindings[22].commands: unrecognized subcommand
 at line 208 column 15
[2m2024-12-28T12:33:40.051637Z[0m [31mERROR[0m [2mglazewm::common::commands::shell_exec[0m[2m:[0m [3merr_message[0m[2m=[0m"Failed to execute 'C\\Program Files\\WezTerm\\wezterm-gui.exe'.\n\nError: Program path is not valid for command 'C\\Program Files\\WezTerm\\wezterm-gui.exe'."
[2m2024-12-28T12:34:38.021453Z[0m [31mERROR[0m [2mglazewm::common::commands::shell_exec[0m[2m:[0m [3merr_message[0m[2m=[0m"Failed to execute '\"C:/Program Files/WezTerm/wezterm-gui.exe\"'.\n\nError: Command doesn't have an ending `\"`: '\"C:/Program Files/WezTerm/wezterm-gui.exe\"'."
[2m2024-12-28T12:35:08.654316Z[0m [31mERROR[0m [2mglazewm::common::commands::shell_exec[0m[2m:[0m [3merr_message[0m[2m=[0m"Failed to execute '\"C:/Program Files/WezTerm/wezterm-gui.exe\"'.\n\nError: Command doesn't have an ending `\"`: '\"C:/Program Files/WezTerm/wezterm-gui.exe\"'."
[2m2024-12-28T12:35:19.638460Z[0m [31mERROR[0m [2mglazewm::common::commands::shell_exec[0m[2m:[0m [3merr_message[0m[2m=[0m"Failed to execute '%Program Files%/WezTerm/wezterm-gui.exe\"'.\n\nError: The operation was canceled by the user. (0x800704C7)"
[2m2024-12-28T12:36:19.057201Z[0m [31mERROR[0m [2mglazewm::common::commands::shell_exec[0m[2m:[0m [3merr_message[0m[2m=[0m"Failed to execute '%Program Files%/WezTerm/wezterm-gui.exe\"'.\n\nError: The operation was canceled by the user. (0x800704C7)"
[2m2024-12-28T12:36:25.680578Z[0m [31mERROR[0m [2mglazewm::common::commands::shell_exec[0m[2m:[0m [3merr_message[0m[2m=[0m"Failed to execute '\"C:\\\\Program Files\\\\WezTerm\\\\wezterm-gui.exe\"'.\n\nError: Command doesn't have an ending `\"`: '\"C:\\\\Program Files\\\\WezTerm\\\\wezterm-gui.exe\"'."
[2m2024-12-28T12:37:29.339381Z[0m [31mERROR[0m [2mglazewm::common::commands::shell_exec[0m[2m:[0m [3merr_message[0m[2m=[0m"Failed to execute ''C:\\Program Files\\WezTerm\\wezterm-gui.exe''.\n\nError: Program path is not valid for command ''C:\\Program Files\\WezTerm\\wezterm-gui.exe''."
[2m2024-12-28T12:38:17.571967Z[0m [31mERROR[0m [2mglazewm::common::commands::shell_exec[0m[2m:[0m [3merr_message[0m[2m=[0m"Failed to execute '\"C:\\Program Files\\WezTerm\\wezterm-gui.exe\"'.\n\nError: Command doesn't have an ending `\"`: '\"C:\\Program Files\\WezTerm\\wezterm-gui.exe\"'."
[2m2024-12-28T12:44:17.933585Z[0m [31mERROR[0m [2mglazewm[0m[2m:[0m keybindings[22].commands: unrecognized subcommand
 at line 207 column 15
[2m2024-12-29T03:13:21.148348Z[0m [31mERROR[0m [2mglazewm::common::commands::shell_exec[0m[2m:[0m [3merr_message[0m[2m=[0m"Failed to execute '%userprofile%/.glzr/zebar/start.bat'.\n\nError: Program path is not valid for command '%userprofile%/.glzr/zebar/start.bat'."
[2m2024-12-29T11:15:32.382593Z[0m [31mERROR[0m [2mglazewm::common::commands::shell_exec[0m[2m:[0m [3merr_message[0m[2m=[0m"Failed to execute '%userprofile%/.glzr/zebar/start.bat'.\n\nError: Program path is not valid for command '%userprofile%/.glzr/zebar/start.bat'."
[2m2024-12-29T15:37:14.677150Z[0m [31mERROR[0m [2mglazewm::common::commands::shell_exec[0m[2m:[0m [3merr_message[0m[2m=[0m"Failed to execute '%userprofile%/.glzr/zebar/start.bat'.\n\nError: Program path is not valid for command '%userprofile%/.glzr/zebar/start.bat'."
[2m2024-12-30T06:09:55.077880Z[0m [31mERROR[0m [2mglazewm::common::commands::shell_exec[0m[2m:[0m [3merr_message[0m[2m=[0m"Failed to execute '%userprofile%/.glzr/zebar/start.bat'.\n\nError: Program path is not valid for command '%userprofile%/.glzr/zebar/start.bat'."
[2m2024-12-31T08:30:20.007701Z[0m [31mERROR[0m [2mglazewm::common::commands::shell_exec[0m[2m:[0m [3merr_message[0m[2m=[0m"Failed to execute '%userprofile%/.glzr/zebar/start.bat'.\n\nError: Program path is not valid for command '%userprofile%/.glzr/zebar/start.bat'."
[2m2025-01-01T03:04:41.830768Z[0m [31mERROR[0m [2mglazewm::common::commands::shell_exec[0m[2m:[0m [3merr_message[0m[2m=[0m"Failed to execute '%userprofile%/.glzr/zebar/start.bat'.\n\nError: Program path is not valid for command '%userprofile%/.glzr/zebar/start.bat'."
[2m2025-01-01T11:25:12.130370Z[0m [31mERROR[0m [2mglazewm::common::commands::shell_exec[0m[2m:[0m [3merr_message[0m[2m=[0m"Failed to execute '%userprofile%/.glzr/zebar/start.bat'.\n\nError: Program path is not valid for command '%userprofile%/.glzr/zebar/start.bat'."
[2m2025-01-02T04:37:08.543312Z[0m [31mERROR[0m [2mglazewm::common::commands::shell_exec[0m[2m:[0m [3merr_message[0m[2m=[0m"Failed to execute '%userprofile%/.glzr/zebar/start.bat'.\n\nError: Program path is not valid for command '%userprofile%/.glzr/zebar/start.bat'."
[2m2025-01-03T04:41:30.472234Z[0m [31mERROR[0m [2mglazewm::common::commands::shell_exec[0m[2m:[0m [3merr_message[0m[2m=[0m"Failed to execute '%userprofile%/.glzr/zebar/start.bat'.\n\nError: Program path is not valid for command '%userprofile%/.glzr/zebar/start.bat'."
[2m2025-01-03T11:31:32.149871Z[0m [31mERROR[0m [2mglazewm::common::commands::shell_exec[0m[2m:[0m [3merr_message[0m[2m=[0m"Failed to execute '%userprofile%/.glzr/zebar/start.bat'.\n\nError: Program path is not valid for command '%userprofile%/.glzr/zebar/start.bat'."
[2m2025-01-04T02:11:24.847282Z[0m [31mERROR[0m [2mglazewm::common::commands::shell_exec[0m[2m:[0m [3merr_message[0m[2m=[0m"Failed to execute '%userprofile%/.glzr/zebar/start.bat'.\n\nError: Program path is not valid for command '%userprofile%/.glzr/zebar/start.bat'."
[2m2025-01-05T03:47:52.419416Z[0m [31mERROR[0m [2mglazewm::common::commands::shell_exec[0m[2m:[0m [3merr_message[0m[2m=[0m"Failed to execute '%userprofile%/.glzr/zebar/start.bat'.\n\nError: Program path is not valid for command '%userprofile%/.glzr/zebar/start.bat'."
[2m2025-01-05T11:15:26.578030Z[0m [31mERROR[0m [2mglazewm::common::commands::shell_exec[0m[2m:[0m [3merr_message[0m[2m=[0m"Failed to execute '%userprofile%/.glzr/zebar/start.bat'.\n\nError: Program path is not valid for command '%userprofile%/.glzr/zebar/start.bat'."
[2m2025-01-06T04:37:29.750315Z[0m [31mERROR[0m [2mglazewm::common::commands::shell_exec[0m[2m:[0m [3merr_message[0m[2m=[0m"Failed to execute '%userprofile%/.glzr/zebar/start.bat'.\n\nError: Program path is not valid for command '%userprofile%/.glzr/zebar/start.bat'."
[2m2025-01-07T05:03:27.266776Z[0m [31mERROR[0m [2mglazewm::common::commands::shell_exec[0m[2m:[0m [3merr_message[0m[2m=[0m"Failed to execute '%userprofile%/.glzr/zebar/start.bat'.\n\nError: Program path is not valid for command '%userprofile%/.glzr/zebar/start.bat'."
[2m2025-01-08T02:36:36.652495Z[0m [31mERROR[0m [2mglazewm::common::commands::shell_exec[0m[2m:[0m [3merr_message[0m[2m=[0m"Failed to execute '%userprofile%/.glzr/zebar/start.bat'.\n\nError: Program path is not valid for command '%userprofile%/.glzr/zebar/start.bat'."
[2m2025-01-09T02:57:05.751510Z[0m [31mERROR[0m [2mglazewm::common::commands::shell_exec[0m[2m:[0m [3merr_message[0m[2m=[0m"Failed to execute '%userprofile%/.glzr/zebar/start.bat'.\n\nError: Program path is not valid for command '%userprofile%/.glzr/zebar/start.bat'."
[2m2025-01-09T10:54:04.672609Z[0m [31mERROR[0m [2mglazewm::common::commands::shell_exec[0m[2m:[0m [3merr_message[0m[2m=[0m"Failed to execute '%userprofile%/.glzr/zebar/start.bat'.\n\nError: Program path is not valid for command '%userprofile%/.glzr/zebar/start.bat'."
[2m2025-01-10T04:34:07.092719Z[0m [31mERROR[0m [2mglazewm::common::commands::shell_exec[0m[2m:[0m [3merr_message[0m[2m=[0m"Failed to execute '%userprofile%/.glzr/zebar/start.bat'.\n\nError: Program path is not valid for command '%userprofile%/.glzr/zebar/start.bat'."
[2m2025-01-11T04:36:35.957289Z[0m [31mERROR[0m [2mglazewm::common::commands::shell_exec[0m[2m:[0m [3merr_message[0m[2m=[0m"Failed to execute '%userprofile%/.glzr/zebar/start.bat'.\n\nError: Program path is not valid for command '%userprofile%/.glzr/zebar/start.bat'."
[2m2025-01-11T12:36:35.699014Z[0m [31mERROR[0m [2mglazewm::common::commands::shell_exec[0m[2m:[0m [3merr_message[0m[2m=[0m"Failed to execute '%userprofile%/.glzr/zebar/start.bat'.\n\nError: Program path is not valid for command '%userprofile%/.glzr/zebar/start.bat'."
[2m2025-01-12T03:14:24.863001Z[0m [31mERROR[0m [2mglazewm::common::commands::shell_exec[0m[2m:[0m [3merr_message[0m[2m=[0m"Failed to execute '%userprofile%/.glzr/zebar/start.bat'.\n\nError: Program path is not valid for command '%userprofile%/.glzr/zebar/start.bat'."
